# JRE version: Java(TM) SE Runtime Environment (8.0_91-b14) (build 1.8.0_91-b14)
# Java VM: Java HotSpot(TM) 64-Bit Server VM (25.91-b14 mixed mode linux-amd64 compressed oops)
Heap:
 PSYoungGen      total 239616K, used 43013K [0x00000000eab00000, 0x0000000100000000, 0x0000000100000000)
  eden space 163840K, 0% used [0x00000000eab00000,0x00000000eab00000,0x00000000f4b00000)
  from space 75776K, 56% used [0x00000000fb600000,0x00000000fe0014c8,0x0000000100000000)
  to   space 92672K, 0% used [0x00000000f4b00000,0x00000000f4b00000,0x00000000fa580000)
 ParOldGen       total 236032K, used 235953K [0x00000000c0000000, 0x00000000ce680000, 0x00000000eab00000)
  object space 236032K, 99% used [0x00000000c0000000,0x00000000ce66c680,0x00000000ce680000)
 Metaspace       used 6605K, capacity 7320K, committed 7680K, reserved 1056768K
  class space    used 615K, capacity 656K, committed 768K, reserved 1048576K
GC Heap History (10 events):
Event: 34,871 GC heap after
Heap after GC invocations=15 (full 3):
 PSYoungGen      total 271360K, used 27051K [0x00000000eab00000, 0x0000000100000000, 0x0000000100000000)
  eden space 216064K, 0% used [0x00000000eab00000,0x00000000eab00000,0x00000000f7e00000)
  from space 55296K, 48% used [0x00000000fca00000,0x00000000fe46ae30,0x0000000100000000)
  to   space 66560K, 0% used [0x00000000f7e00000,0x00000000f7e00000,0x00000000fbf00000)
 ParOldGen       total 210944K, used 134039K [0x00000000c0000000, 0x00000000cce00000, 0x00000000eab00000)
  object space 210944K, 63% used [0x00000000c0000000,0x00000000c82e5ef8,0x00000000cce00000)
 Metaspace       used 6582K, capacity 7320K, committed 7680K, reserved 1056768K
  class space    used 615K, capacity 656K, committed 768K, reserved 1048576K
}
Event: 37,157 GC heap before
{Heap before GC invocations=16 (full 3):
 PSYoungGen      total 271360K, used 243115K [0x00000000eab00000, 0x0000000100000000, 0x0000000100000000)
  eden space 216064K, 100% used [0x00000000eab00000,0x00000000f7e00000,0x00000000f7e00000)
  from space 55296K, 48% used [0x00000000fca00000,0x00000000fe46ae30,0x0000000100000000)
  to   space 66560K, 0% used [0x00000000f7e00000,0x00000000f7e00000,0x00000000fbf00000)
 ParOldGen       total 210944K, used 134039K [0x00000000c0000000, 0x00000000cce00000, 0x00000000eab00000)
  object space 210944K, 63% used [0x00000000c0000000,0x00000000c82e5ef8,0x00000000cce00000)
 Metaspace       used 6588K, capacity 7320K, committed 7680K, reserved 1056768K
  class space    used 615K, capacity 656K, committed 768K, reserved 1048576K
Event: 38,101 GC heap after
Heap after GC invocations=16 (full 3):
 PSYoungGen      total 282624K, used 32616K [0x00000000eab00000, 0x0000000100000000, 0x0000000100000000)
  eden space 216064K, 0% used [0x00000000eab00000,0x00000000eab00000,0x00000000f7e00000)
  from space 66560K, 49% used [0x00000000f7e00000,0x00000000f9dda3d8,0x00000000fbf00000)
  to   space 65536K, 0% used [0x00000000fc000000,0x00000000fc000000,0x0000000100000000)
 ParOldGen       total 210944K, used 161331K [0x00000000c0000000, 0x00000000cce00000, 0x00000000eab00000)
  object space 210944K, 76% used [0x00000000c0000000,0x00000000c9d8cd18,0x00000000cce00000)
 Metaspace       used 6588K, capacity 7320K, committed 7680K, reserved 1056768K
  class space    used 615K, capacity 656K, committed 768K, reserved 1048576K
}
Event: 39,506 GC heap before
{Heap before GC invocations=17 (full 3):
 PSYoungGen      total 282624K, used 248680K [0x00000000eab00000, 0x0000000100000000, 0x0000000100000000)
  eden space 216064K, 100% used [0x00000000eab00000,0x00000000f7e00000,0x00000000f7e00000)
  from space 66560K, 49% used [0x00000000f7e00000,0x00000000f9dda3d8,0x00000000fbf00000)
  to   space 65536K, 0% used [0x00000000fc000000,0x00000000fc000000,0x0000000100000000)
 ParOldGen       total 210944K, used 161331K [0x00000000c0000000, 0x00000000cce00000, 0x00000000eab00000)
  object space 210944K, 76% used [0x00000000c0000000,0x00000000c9d8cd18,0x00000000cce00000)
 Metaspace       used 6596K, capacity 7320K, committed 7680K, reserved 1056768K
  class space    used 615K, capacity 656K, committed 768K, reserved 1048576K
Event: 39,678 GC heap after
Heap after GC invocations=17 (full 3):
 PSYoungGen      total 263168K, used 63328K [0x00000000eab00000, 0x0000000100000000, 0x0000000100000000)
  eden space 197632K, 0% used [0x00000000eab00000,0x00000000eab00000,0x00000000f6c00000)
  from space 65536K, 96% used [0x00000000fc000000,0x00000000ffdd81c0,0x0000000100000000)
  to   space 75776K, 0% used [0x00000000f6c00000,0x00000000f6c00000,0x00000000fb600000)
 ParOldGen       total 210944K, used 161331K [0x00000000c0000000, 0x00000000cce00000, 0x00000000eab00000)
  object space 210944K, 76% used [0x00000000c0000000,0x00000000c9d8cd18,0x00000000cce00000)
 Metaspace       used 6596K, capacity 7320K, committed 7680K, reserved 1056768K
  class space    used 615K, capacity 656K, committed 768K, reserved 1048576K
}
Event: 41,163 GC heap before
{Heap before GC invocations=18 (full 3):
 PSYoungGen      total 263168K, used 260960K [0x00000000eab00000, 0x0000000100000000, 0x0000000100000000)
  eden space 197632K, 100% used [0x00000000eab00000,0x00000000f6c00000,0x00000000f6c00000)
  from space 65536K, 96% used [0x00000000fc000000,0x00000000ffdd81c0,0x0000000100000000)
  to   space 75776K, 0% used [0x00000000f6c00000,0x00000000f6c00000,0x00000000fb600000)
 ParOldGen       total 210944K, used 161331K [0x00000000c0000000, 0x00000000cce00000, 0x00000000eab00000)
  object space 210944K, 76% used [0x00000000c0000000,0x00000000c9d8cd18,0x00000000cce00000)
 Metaspace       used 6599K, capacity 7320K, committed 7680K, reserved 1056768K
  class space    used 615K, capacity 656K, committed 768K, reserved 1048576K
Event: 41,366 GC heap after
Heap after GC invocations=18 (full 3):
 PSYoungGen      total 273408K, used 75757K [0x00000000eab00000, 0x0000000100000000, 0x0000000100000000)
  eden space 197632K, 0% used [0x00000000eab00000,0x00000000eab00000,0x00000000f6c00000)
  from space 75776K, 99% used [0x00000000f6c00000,0x00000000fb5fb5f0,0x00000000fb600000)
  to   space 75776K, 0% used [0x00000000fb600000,0x00000000fb600000,0x0000000100000000)
 ParOldGen       total 210944K, used 177192K [0x00000000c0000000, 0x00000000cce00000, 0x00000000eab00000)
  object space 210944K, 83% used [0x00000000c0000000,0x00000000cad0a3c0,0x00000000cce00000)
 Metaspace       used 6599K, capacity 7320K, committed 7680K, reserved 1056768K
  class space    used 615K, capacity 656K, committed 768K, reserved 1048576K
}
Event: 42,747 GC heap before
{Heap before GC invocations=19 (full 3):
 PSYoungGen      total 273408K, used 273389K [0x00000000eab00000, 0x0000000100000000, 0x0000000100000000)
  eden space 197632K, 100% used [0x00000000eab00000,0x00000000f6c00000,0x00000000f6c00000)
  from space 75776K, 99% used [0x00000000f6c00000,0x00000000fb5fb5f0,0x00000000fb600000)
  to   space 75776K, 0% used [0x00000000fb600000,0x00000000fb600000,0x0000000100000000)
 ParOldGen       total 210944K, used 177192K [0x00000000c0000000, 0x00000000cce00000, 0x00000000eab00000)
  object space 210944K, 83% used [0x00000000c0000000,0x00000000cad0a3c0,0x00000000cce00000)
 Metaspace       used 6605K, capacity 7320K, committed 7680K, reserved 1056768K
  class space    used 615K, capacity 656K, committed 768K, reserved 1048576K
Event: 43,342 GC heap after
Heap after GC invocations=19 (full 3):
 PSYoungGen      total 239616K, used 45931K [0x00000000eab00000, 0x0000000100000000, 0x0000000100000000)
  eden space 163840K, 0% used [0x00000000eab00000,0x00000000eab00000,0x00000000f4b00000)
  from space 75776K, 60% used [0x00000000fb600000,0x00000000fe2daee0,0x0000000100000000)
  to   space 92672K, 0% used [0x00000000f4b00000,0x00000000f4b00000,0x00000000fa580000)
 ParOldGen       total 236032K, used 235968K [0x00000000c0000000, 0x00000000ce680000, 0x00000000eab00000)
  object space 236032K, 99% used [0x00000000c0000000,0x00000000ce6700e0,0x00000000ce680000)
 Metaspace       used 6605K, capacity 7320K, committed 7680K, reserved 1056768K
  class space    used 615K, capacity 656K, committed 768K, reserved 1048576K
}
Event: 43,488 GC heap before
{Heap before GC invocations=20 (full 4):
 PSYoungGen      total 239616K, used 45931K [0x00000000eab00000, 0x0000000100000000, 0x0000000100000000)
  eden space 163840K, 0% used [0x00000000eab00000,0x00000000eab00000,0x00000000f4b00000)
  from space 75776K, 60% used [0x00000000fb600000,0x00000000fe2daee0,0x0000000100000000)
  to   space 92672K, 0% used [0x00000000f4b00000,0x00000000f4b00000,0x00000000fa580000)
 ParOldGen       total 236032K, used 235968K [0x00000000c0000000, 0x00000000ce680000, 0x00000000eab00000)
  object space 236032K, 99% used [0x00000000c0000000,0x00000000ce6700e0,0x00000000ce680000)
 Metaspace       used 6605K, capacity 7320K, committed 7680K, reserved 1056768K
  class space    used 615K, capacity 656K, committed 768K, reserved 1048576K

