# JRE version: Java(TM) SE Runtime Environment (8.0_91-b14) (build 1.8.0_91-b14)
# Java VM: Java HotSpot(TM) 64-Bit Server VM (25.91-b14 mixed mode linux-amd64 compressed oops)
Heap:
 PSYoungGen      total 232960K, used 9078K [0x00000000eab00000, 0x0000000100000000, 0x0000000100000000)
  eden space 116736K, 0% used [0x00000000eab00000,0x00000000eab00000,0x00000000f1d00000)
  from space 116224K, 7% used [0x00000000f8e80000,0x00000000f975dba0,0x0000000100000000)
  to   space 116224K, 0% used [0x00000000f1d00000,0x00000000f1d00000,0x00000000f8e80000)
 ParOldGen       total 415744K, used 415727K [0x00000000c0000000, 0x00000000d9600000, 0x00000000eab00000)
  object space 415744K, 99% used [0x00000000c0000000,0x00000000d95fbf28,0x00000000d9600000)
 Metaspace       used 6629K, capacity 7320K, committed 7680K, reserved 1056768K
  class space    used 617K, capacity 656K, committed 768K, reserved 1048576K
GC Heap History (10 events):
Event: 25,630 GC heap after
Heap after GC invocations=25 (full 5):
 PSYoungGen      total 237056K, used 54183K [0x00000000eab00000, 0x0000000100000000, 0x0000000100000000)
  eden space 120832K, 0% used [0x00000000eab00000,0x00000000eab00000,0x00000000f2100000)
  from space 116224K, 46% used [0x00000000f8e80000,0x00000000fc369dc8,0x0000000100000000)
  to   space 112128K, 0% used [0x00000000f2100000,0x00000000f2100000,0x00000000f8e80000)
 ParOldGen       total 415744K, used 305107K [0x00000000c0000000, 0x00000000d9600000, 0x00000000eab00000)
  object space 415744K, 73% used [0x00000000c0000000,0x00000000d29f4c90,0x00000000d9600000)
 Metaspace       used 6617K, capacity 7320K, committed 7680K, reserved 1056768K
  class space    used 616K, capacity 656K, committed 768K, reserved 1048576K
}
Event: 26,282 GC heap before
{Heap before GC invocations=26 (full 5):
 PSYoungGen      total 237056K, used 175015K [0x00000000eab00000, 0x0000000100000000, 0x0000000100000000)
  eden space 120832K, 100% used [0x00000000eab00000,0x00000000f2100000,0x00000000f2100000)
  from space 116224K, 46% used [0x00000000f8e80000,0x00000000fc369dc8,0x0000000100000000)
  to   space 112128K, 0% used [0x00000000f2100000,0x00000000f2100000,0x00000000f8e80000)
 ParOldGen       total 415744K, used 305107K [0x00000000c0000000, 0x00000000d9600000, 0x00000000eab00000)
  object space 415744K, 73% used [0x00000000c0000000,0x00000000d29f4c90,0x00000000d9600000)
 Metaspace       used 6617K, capacity 7320K, committed 7680K, reserved 1056768K
  class space    used 616K, capacity 656K, committed 768K, reserved 1048576K
Event: 26,396 GC heap after
Heap after GC invocations=26 (full 5):
 PSYoungGen      total 232960K, used 71791K [0x00000000eab00000, 0x0000000100000000, 0x0000000100000000)
  eden space 120832K, 0% used [0x00000000eab00000,0x00000000eab00000,0x00000000f2100000)
  from space 112128K, 64% used [0x00000000f2100000,0x00000000f671bc50,0x00000000f8e80000)
  to   space 114688K, 0% used [0x00000000f9000000,0x00000000f9000000,0x0000000100000000)
 ParOldGen       total 415744K, used 305107K [0x00000000c0000000, 0x00000000d9600000, 0x00000000eab00000)
  object space 415744K, 73% used [0x00000000c0000000,0x00000000d29f4c90,0x00000000d9600000)
 Metaspace       used 6617K, capacity 7320K, committed 7680K, reserved 1056768K
  class space    used 616K, capacity 656K, committed 768K, reserved 1048576K
}
Event: 26,986 GC heap before
{Heap before GC invocations=27 (full 5):
 PSYoungGen      total 232960K, used 192623K [0x00000000eab00000, 0x0000000100000000, 0x0000000100000000)
  eden space 120832K, 100% used [0x00000000eab00000,0x00000000f2100000,0x00000000f2100000)
  from space 112128K, 64% used [0x00000000f2100000,0x00000000f671bc50,0x00000000f8e80000)
  to   space 114688K, 0% used [0x00000000f9000000,0x00000000f9000000,0x0000000100000000)
 ParOldGen       total 415744K, used 305107K [0x00000000c0000000, 0x00000000d9600000, 0x00000000eab00000)
  object space 415744K, 73% used [0x00000000c0000000,0x00000000d29f4c90,0x00000000d9600000)
 Metaspace       used 6617K, capacity 7320K, committed 7680K, reserved 1056768K
  class space    used 616K, capacity 656K, committed 768K, reserved 1048576K
Event: 27,131 GC heap after
Heap after GC invocations=27 (full 5):
 PSYoungGen      total 231424K, used 90989K [0x00000000eab00000, 0x0000000100000000, 0x0000000100000000)
  eden space 116736K, 0% used [0x00000000eab00000,0x00000000eab00000,0x00000000f1d00000)
  from space 114688K, 79% used [0x00000000f9000000,0x00000000fe8db540,0x0000000100000000)
  to   space 116224K, 0% used [0x00000000f1d00000,0x00000000f1d00000,0x00000000f8e80000)
 ParOldGen       total 415744K, used 305107K [0x00000000c0000000, 0x00000000d9600000, 0x00000000eab00000)
  object space 415744K, 73% used [0x00000000c0000000,0x00000000d29f4c90,0x00000000d9600000)
 Metaspace       used 6617K, capacity 7320K, committed 7680K, reserved 1056768K
  class space    used 616K, capacity 656K, committed 768K, reserved 1048576K
}
Event: 27,561 GC heap before
{Heap before GC invocations=28 (full 5):
 PSYoungGen      total 231424K, used 207725K [0x00000000eab00000, 0x0000000100000000, 0x0000000100000000)
  eden space 116736K, 100% used [0x00000000eab00000,0x00000000f1d00000,0x00000000f1d00000)
  from space 114688K, 79% used [0x00000000f9000000,0x00000000fe8db540,0x0000000100000000)
  to   space 116224K, 0% used [0x00000000f1d00000,0x00000000f1d00000,0x00000000f8e80000)
 ParOldGen       total 415744K, used 305107K [0x00000000c0000000, 0x00000000d9600000, 0x00000000eab00000)
  object space 415744K, 73% used [0x00000000c0000000,0x00000000d29f4c90,0x00000000d9600000)
 Metaspace       used 6628K, capacity 7320K, committed 7680K, reserved 1056768K
  class space    used 617K, capacity 656K, committed 768K, reserved 1048576K
Event: 27,847 GC heap after
Heap after GC invocations=28 (full 5):
 PSYoungGen      total 232960K, used 76609K [0x00000000eab00000, 0x0000000100000000, 0x0000000100000000)
  eden space 116736K, 0% used [0x00000000eab00000,0x00000000eab00000,0x00000000f1d00000)
  from space 116224K, 65% used [0x00000000f1d00000,0x00000000f67d0428,0x00000000f8e80000)
  to   space 116224K, 0% used [0x00000000f8e80000,0x00000000f8e80000,0x0000000100000000)
 ParOldGen       total 415744K, used 341294K [0x00000000c0000000, 0x00000000d9600000, 0x00000000eab00000)
  object space 415744K, 82% used [0x00000000c0000000,0x00000000d4d4bb68,0x00000000d9600000)
 Metaspace       used 6628K, capacity 7320K, committed 7680K, reserved 1056768K
  class space    used 617K, capacity 656K, committed 768K, reserved 1048576K
}
Event: 28,369 GC heap before
{Heap before GC invocations=29 (full 5):
 PSYoungGen      total 232960K, used 193345K [0x00000000eab00000, 0x0000000100000000, 0x0000000100000000)
  eden space 116736K, 100% used [0x00000000eab00000,0x00000000f1d00000,0x00000000f1d00000)
  from space 116224K, 65% used [0x00000000f1d00000,0x00000000f67d0428,0x00000000f8e80000)
  to   space 116224K, 0% used [0x00000000f8e80000,0x00000000f8e80000,0x0000000100000000)
 ParOldGen       total 415744K, used 341294K [0x00000000c0000000, 0x00000000d9600000, 0x00000000eab00000)
  object space 415744K, 82% used [0x00000000c0000000,0x00000000d4d4bb68,0x00000000d9600000)
 Metaspace       used 6629K, capacity 7320K, committed 7680K, reserved 1056768K
  class space    used 617K, capacity 656K, committed 768K, reserved 1048576K
Event: 28,524 GC heap after
Heap after GC invocations=29 (full 5):
 PSYoungGen      total 232960K, used 49613K [0x00000000eab00000, 0x0000000100000000, 0x0000000100000000)
  eden space 116736K, 0% used [0x00000000eab00000,0x00000000eab00000,0x00000000f1d00000)
  from space 116224K, 42% used [0x00000000f8e80000,0x00000000fbef3748,0x0000000100000000)
  to   space 116224K, 0% used [0x00000000f1d00000,0x00000000f1d00000,0x00000000f8e80000)
 ParOldGen       total 415744K, used 376401K [0x00000000c0000000, 0x00000000d9600000, 0x00000000eab00000)
  object space 415744K, 90% used [0x00000000c0000000,0x00000000d6f94790,0x00000000d9600000)
 Metaspace       used 6629K, capacity 7320K, committed 7680K, reserved 1056768K
  class space    used 617K, capacity 656K, committed 768K, reserved 1048576K
}
Event: 28,524 GC heap before
{Heap before GC invocations=30 (full 6):
 PSYoungGen      total 232960K, used 49613K [0x00000000eab00000, 0x0000000100000000, 0x0000000100000000)
  eden space 116736K, 0% used [0x00000000eab00000,0x00000000eab00000,0x00000000f1d00000)
  from space 116224K, 42% used [0x00000000f8e80000,0x00000000fbef3748,0x0000000100000000)
  to   space 116224K, 0% used [0x00000000f1d00000,0x00000000f1d00000,0x00000000f8e80000)
 ParOldGen       total 415744K, used 376401K [0x00000000c0000000, 0x00000000d9600000, 0x00000000eab00000)
  object space 415744K, 90% used [0x00000000c0000000,0x00000000d6f94790,0x00000000d9600000)
 Metaspace       used 6629K, capacity 7320K, committed 7680K, reserved 1056768K
  class space    used 617K, capacity 656K, committed 768K, reserved 1048576K

