# JRE version: Java(TM) SE Runtime Environment (8.0_91-b14) (build 1.8.0_91-b14)
# Java VM: Java HotSpot(TM) 64-Bit Server VM (25.91-b14 mixed mode linux-amd64 compressed oops)
Heap:
 PSYoungGen      total 136192K, used 16886K [0x00000000ed180000, 0x00000000f6a80000, 0x0000000100000000)
  eden space 119296K, 0% used [0x00000000ed180000,0x00000000ed180000,0x00000000f4600000)
  from space 16896K, 99% used [0x00000000f4600000,0x00000000f567d880,0x00000000f5680000)
  to   space 13312K, 0% used [0x00000000f5680000,0x00000000f5680000,0x00000000f6380000)
 ParOldGen       total 39936K, used 34690K [0x00000000c7400000, 0x00000000c9b00000, 0x00000000ed180000)
  object space 39936K, 86% used [0x00000000c7400000,0x00000000c95e0958,0x00000000c9b00000)
 Metaspace       used 3644K, capacity 5144K, committed 5376K, reserved 1056768K
  class space    used 384K, capacity 456K, committed 512K, reserved 1048576K
GC Heap History (10 events):
Event: 2,137 GC heap after
Heap after GC invocations=2 (full 0):
 PSYoungGen      total 32768K, used 2035K [0x00000000ed180000, 0x00000000ef380000, 0x0000000100000000)
  eden space 30720K, 0% used [0x00000000ed180000,0x00000000ed180000,0x00000000eef80000)
  from space 2048K, 99% used [0x00000000ef180000,0x00000000ef37ccc0,0x00000000ef380000)
  to   space 2048K, 0% used [0x00000000eef80000,0x00000000eef80000,0x00000000ef180000)
 ParOldGen       total 39936K, used 1915K [0x00000000c7400000, 0x00000000c9b00000, 0x00000000ed180000)
  object space 39936K, 4% used [0x00000000c7400000,0x00000000c75dec88,0x00000000c9b00000)
 Metaspace       used 3599K, capacity 5080K, committed 5376K, reserved 1056768K
  class space    used 379K, capacity 456K, committed 512K, reserved 1048576K
}
Event: 2,522 GC heap before
{Heap before GC invocations=3 (full 0):
 PSYoungGen      total 32768K, used 32755K [0x00000000ed180000, 0x00000000ef380000, 0x0000000100000000)
  eden space 30720K, 100% used [0x00000000ed180000,0x00000000eef80000,0x00000000eef80000)
  from space 2048K, 99% used [0x00000000ef180000,0x00000000ef37ccc0,0x00000000ef380000)
  to   space 2048K, 0% used [0x00000000eef80000,0x00000000eef80000,0x00000000ef180000)
 ParOldGen       total 39936K, used 1915K [0x00000000c7400000, 0x00000000c9b00000, 0x00000000ed180000)
  object space 39936K, 4% used [0x00000000c7400000,0x00000000c75dec88,0x00000000c9b00000)
 Metaspace       used 3635K, capacity 5144K, committed 5376K, reserved 1056768K
  class space    used 383K, capacity 456K, committed 512K, reserved 1048576K
Event: 2,543 GC heap after
Heap after GC invocations=3 (full 0):
 PSYoungGen      total 32768K, used 2019K [0x00000000ed180000, 0x00000000f1180000, 0x0000000100000000)
  eden space 30720K, 0% used [0x00000000ed180000,0x00000000ed180000,0x00000000eef80000)
  from space 2048K, 98% used [0x00000000eef80000,0x00000000ef178cc0,0x00000000ef180000)
  to   space 2048K, 0% used [0x00000000f0f80000,0x00000000f0f80000,0x00000000f1180000)
 ParOldGen       total 39936K, used 5940K [0x00000000c7400000, 0x00000000c9b00000, 0x00000000ed180000)
  object space 39936K, 14% used [0x00000000c7400000,0x00000000c79cd028,0x00000000c9b00000)
 Metaspace       used 3635K, capacity 5144K, committed 5376K, reserved 1056768K
  class space    used 383K, capacity 456K, committed 512K, reserved 1048576K
}
Event: 2,800 GC heap before
{Heap before GC invocations=4 (full 0):
 PSYoungGen      total 32768K, used 32739K [0x00000000ed180000, 0x00000000f1180000, 0x0000000100000000)
  eden space 30720K, 100% used [0x00000000ed180000,0x00000000eef80000,0x00000000eef80000)
  from space 2048K, 98% used [0x00000000eef80000,0x00000000ef178cc0,0x00000000ef180000)
  to   space 2048K, 0% used [0x00000000f0f80000,0x00000000f0f80000,0x00000000f1180000)
 ParOldGen       total 39936K, used 5940K [0x00000000c7400000, 0x00000000c9b00000, 0x00000000ed180000)
  object space 39936K, 14% used [0x00000000c7400000,0x00000000c79cd028,0x00000000c9b00000)
 Metaspace       used 3638K, capacity 5144K, committed 5376K, reserved 1056768K
  class space    used 383K, capacity 456K, committed 512K, reserved 1048576K
Event: 2,828 GC heap after
Heap after GC invocations=4 (full 0):
 PSYoungGen      total 63488K, used 2031K [0x00000000ed180000, 0x00000000f1180000, 0x0000000100000000)
  eden space 61440K, 0% used [0x00000000ed180000,0x00000000ed180000,0x00000000f0d80000)
  from space 2048K, 99% used [0x00000000f0f80000,0x00000000f117bc90,0x00000000f1180000)
  to   space 2048K, 0% used [0x00000000f0d80000,0x00000000f0d80000,0x00000000f0f80000)
 ParOldGen       total 39936K, used 10906K [0x00000000c7400000, 0x00000000c9b00000, 0x00000000ed180000)
  object space 39936K, 27% used [0x00000000c7400000,0x00000000c7ea6bb0,0x00000000c9b00000)
 Metaspace       used 3638K, capacity 5144K, committed 5376K, reserved 1056768K
  class space    used 383K, capacity 456K, committed 512K, reserved 1048576K
}
Event: 3,800 GC heap before
{Heap before GC invocations=5 (full 0):
 PSYoungGen      total 63488K, used 63471K [0x00000000ed180000, 0x00000000f1180000, 0x0000000100000000)
  eden space 61440K, 100% used [0x00000000ed180000,0x00000000f0d80000,0x00000000f0d80000)
  from space 2048K, 99% used [0x00000000f0f80000,0x00000000f117bc90,0x00000000f1180000)
  to   space 2048K, 0% used [0x00000000f0d80000,0x00000000f0d80000,0x00000000f0f80000)
 ParOldGen       total 39936K, used 10906K [0x00000000c7400000, 0x00000000c9b00000, 0x00000000ed180000)
  object space 39936K, 27% used [0x00000000c7400000,0x00000000c7ea6bb0,0x00000000c9b00000)
 Metaspace       used 3641K, capacity 5144K, committed 5376K, reserved 1056768K
  class space    used 383K, capacity 456K, committed 512K, reserved 1048576K
Event: 3,851 GC heap after
Heap after GC invocations=5 (full 0):
 PSYoungGen      total 63488K, used 2046K [0x00000000ed180000, 0x00000000f6380000, 0x0000000100000000)
  eden space 61440K, 0% used [0x00000000ed180000,0x00000000ed180000,0x00000000f0d80000)
  from space 2048K, 99% used [0x00000000f0d80000,0x00000000f0f7f8f0,0x00000000f0f80000)
  to   space 13312K, 0% used [0x00000000f5680000,0x00000000f5680000,0x00000000f6380000)
 ParOldGen       total 39936K, used 21833K [0x00000000c7400000, 0x00000000c9b00000, 0x00000000ed180000)
  object space 39936K, 54% used [0x00000000c7400000,0x00000000c8952690,0x00000000c9b00000)
 Metaspace       used 3641K, capacity 5144K, committed 5376K, reserved 1056768K
  class space    used 383K, capacity 456K, committed 512K, reserved 1048576K
}
Event: 4,320 GC heap before
{Heap before GC invocations=6 (full 0):
 PSYoungGen      total 63488K, used 63486K [0x00000000ed180000, 0x00000000f6380000, 0x0000000100000000)
  eden space 61440K, 100% used [0x00000000ed180000,0x00000000f0d80000,0x00000000f0d80000)
  from space 2048K, 99% used [0x00000000f0d80000,0x00000000f0f7f8f0,0x00000000f0f80000)
  to   space 13312K, 0% used [0x00000000f5680000,0x00000000f5680000,0x00000000f6380000)
 ParOldGen       total 39936K, used 21833K [0x00000000c7400000, 0x00000000c9b00000, 0x00000000ed180000)
  object space 39936K, 54% used [0x00000000c7400000,0x00000000c8952690,0x00000000c9b00000)
 Metaspace       used 3641K, capacity 5144K, committed 5376K, reserved 1056768K
  class space    used 383K, capacity 456K, committed 512K, reserved 1048576K
Event: 4,462 GC heap after
Heap after GC invocations=6 (full 0):
 PSYoungGen      total 132608K, used 13299K [0x00000000ed180000, 0x00000000f6a80000, 0x0000000100000000)
  eden space 119296K, 0% used [0x00000000ed180000,0x00000000ed180000,0x00000000f4600000)
  from space 13312K, 99% used [0x00000000f5680000,0x00000000f637ce08,0x00000000f6380000)
  to   space 16896K, 0% used [0x00000000f4600000,0x00000000f4600000,0x00000000f5680000)
 ParOldGen       total 39936K, used 22715K [0x00000000c7400000, 0x00000000c9b00000, 0x00000000ed180000)
  object space 39936K, 56% used [0x00000000c7400000,0x00000000c8a2ef40,0x00000000c9b00000)
 Metaspace       used 3641K, capacity 5144K, committed 5376K, reserved 1056768K
  class space    used 383K, capacity 456K, committed 512K, reserved 1048576K
}
Event: 7,095 GC heap before
{Heap before GC invocations=7 (full 0):
 PSYoungGen      total 132608K, used 132595K [0x00000000ed180000, 0x00000000f6a80000, 0x0000000100000000)
  eden space 119296K, 100% used [0x00000000ed180000,0x00000000f4600000,0x00000000f4600000)
  from space 13312K, 99% used [0x00000000f5680000,0x00000000f637ce08,0x00000000f6380000)
  to   space 16896K, 0% used [0x00000000f4600000,0x00000000f4600000,0x00000000f5680000)
 ParOldGen       total 39936K, used 22715K [0x00000000c7400000, 0x00000000c9b00000, 0x00000000ed180000)
  object space 39936K, 56% used [0x00000000c7400000,0x00000000c8a2ef40,0x00000000c9b00000)
 Metaspace       used 3644K, capacity 5144K, committed 5376K, reserved 1056768K
  class space    used 384K, capacity 456K, committed 512K, reserved 1048576K

