# JRE version: Java(TM) SE Runtime Environment (8.0_91-b14) (build 1.8.0_91-b14)
# Java VM: Java HotSpot(TM) 64-Bit Server VM (25.91-b14 mixed mode linux-amd64 compressed oops)
Heap:
 PSYoungGen      total 136192K, used 16886K [0x00000000ed180000, 0x00000000f6a80000, 0x0000000100000000)
  eden space 119296K, 0% used [0x00000000ed180000,0x00000000ed180000,0x00000000f4600000)
  from space 16896K, 99% used [0x00000000f4600000,0x00000000f567dbd0,0x00000000f5680000)
  to   space 13312K, 0% used [0x00000000f5680000,0x00000000f5680000,0x00000000f6380000)
 ParOldGen       total 39936K, used 35241K [0x00000000c7400000, 0x00000000c9b00000, 0x00000000ed180000)
  object space 39936K, 88% used [0x00000000c7400000,0x00000000c966a668,0x00000000c9b00000)
 Metaspace       used 3643K, capacity 5144K, committed 5376K, reserved 1056768K
  class space    used 384K, capacity 456K, committed 512K, reserved 1048576K
GC Heap History (10 events):
Event: 1,371 GC heap after
Heap after GC invocations=2 (full 0):
 PSYoungGen      total 32768K, used 2031K [0x00000000ed180000, 0x00000000ef380000, 0x0000000100000000)
  eden space 30720K, 0% used [0x00000000ed180000,0x00000000ed180000,0x00000000eef80000)
  from space 2048K, 99% used [0x00000000ef180000,0x00000000ef37bca0,0x00000000ef380000)
  to   space 2048K, 0% used [0x00000000eef80000,0x00000000eef80000,0x00000000ef180000)
 ParOldGen       total 39936K, used 1851K [0x00000000c7400000, 0x00000000c9b00000, 0x00000000ed180000)
  object space 39936K, 4% used [0x00000000c7400000,0x00000000c75cef98,0x00000000c9b00000)
 Metaspace       used 3589K, capacity 5080K, committed 5376K, reserved 1056768K
  class space    used 379K, capacity 456K, committed 512K, reserved 1048576K
}
Event: 1,683 GC heap before
{Heap before GC invocations=3 (full 0):
 PSYoungGen      total 32768K, used 32751K [0x00000000ed180000, 0x00000000ef380000, 0x0000000100000000)
  eden space 30720K, 100% used [0x00000000ed180000,0x00000000eef80000,0x00000000eef80000)
  from space 2048K, 99% used [0x00000000ef180000,0x00000000ef37bca0,0x00000000ef380000)
  to   space 2048K, 0% used [0x00000000eef80000,0x00000000eef80000,0x00000000ef180000)
 ParOldGen       total 39936K, used 1851K [0x00000000c7400000, 0x00000000c9b00000, 0x00000000ed180000)
  object space 39936K, 4% used [0x00000000c7400000,0x00000000c75cef98,0x00000000c9b00000)
 Metaspace       used 3631K, capacity 5144K, committed 5376K, reserved 1056768K
  class space    used 383K, capacity 456K, committed 512K, reserved 1048576K
Event: 1,701 GC heap after
Heap after GC invocations=3 (full 0):
 PSYoungGen      total 32768K, used 2047K [0x00000000ed180000, 0x00000000f1180000, 0x0000000100000000)
  eden space 30720K, 0% used [0x00000000ed180000,0x00000000ed180000,0x00000000eef80000)
  from space 2048K, 99% used [0x00000000eef80000,0x00000000ef17fca0,0x00000000ef180000)
  to   space 2048K, 0% used [0x00000000f0f80000,0x00000000f0f80000,0x00000000f1180000)
 ParOldGen       total 39936K, used 5743K [0x00000000c7400000, 0x00000000c9b00000, 0x00000000ed180000)
  object space 39936K, 14% used [0x00000000c7400000,0x00000000c799bcf0,0x00000000c9b00000)
 Metaspace       used 3631K, capacity 5144K, committed 5376K, reserved 1056768K
  class space    used 383K, capacity 456K, committed 512K, reserved 1048576K
}
Event: 2,294 GC heap before
{Heap before GC invocations=4 (full 0):
 PSYoungGen      total 32768K, used 32767K [0x00000000ed180000, 0x00000000f1180000, 0x0000000100000000)
  eden space 30720K, 100% used [0x00000000ed180000,0x00000000eef80000,0x00000000eef80000)
  from space 2048K, 99% used [0x00000000eef80000,0x00000000ef17fca0,0x00000000ef180000)
  to   space 2048K, 0% used [0x00000000f0f80000,0x00000000f0f80000,0x00000000f1180000)
 ParOldGen       total 39936K, used 5743K [0x00000000c7400000, 0x00000000c9b00000, 0x00000000ed180000)
  object space 39936K, 14% used [0x00000000c7400000,0x00000000c799bcf0,0x00000000c9b00000)
 Metaspace       used 3636K, capacity 5144K, committed 5376K, reserved 1056768K
  class space    used 383K, capacity 456K, committed 512K, reserved 1048576K
Event: 2,366 GC heap after
Heap after GC invocations=4 (full 0):
 PSYoungGen      total 63488K, used 2047K [0x00000000ed180000, 0x00000000f1180000, 0x0000000100000000)
  eden space 61440K, 0% used [0x00000000ed180000,0x00000000ed180000,0x00000000f0d80000)
  from space 2048K, 99% used [0x00000000f0f80000,0x00000000f117fca0,0x00000000f1180000)
  to   space 2048K, 0% used [0x00000000f0d80000,0x00000000f0d80000,0x00000000f0f80000)
 ParOldGen       total 39936K, used 10628K [0x00000000c7400000, 0x00000000c9b00000, 0x00000000ed180000)
  object space 39936K, 26% used [0x00000000c7400000,0x00000000c7e61358,0x00000000c9b00000)
 Metaspace       used 3636K, capacity 5144K, committed 5376K, reserved 1056768K
  class space    used 383K, capacity 456K, committed 512K, reserved 1048576K
}
Event: 3,149 GC heap before
{Heap before GC invocations=5 (full 0):
 PSYoungGen      total 63488K, used 63487K [0x00000000ed180000, 0x00000000f1180000, 0x0000000100000000)
  eden space 61440K, 100% used [0x00000000ed180000,0x00000000f0d80000,0x00000000f0d80000)
  from space 2048K, 99% used [0x00000000f0f80000,0x00000000f117fca0,0x00000000f1180000)
  to   space 2048K, 0% used [0x00000000f0d80000,0x00000000f0d80000,0x00000000f0f80000)
 ParOldGen       total 39936K, used 10628K [0x00000000c7400000, 0x00000000c9b00000, 0x00000000ed180000)
  object space 39936K, 26% used [0x00000000c7400000,0x00000000c7e61358,0x00000000c9b00000)
 Metaspace       used 3636K, capacity 5144K, committed 5376K, reserved 1056768K
  class space    used 383K, capacity 456K, committed 512K, reserved 1048576K
Event: 3,182 GC heap after
Heap after GC invocations=5 (full 0):
 PSYoungGen      total 63488K, used 2046K [0x00000000ed180000, 0x00000000f6380000, 0x0000000100000000)
  eden space 61440K, 0% used [0x00000000ed180000,0x00000000ed180000,0x00000000f0d80000)
  from space 2048K, 99% used [0x00000000f0d80000,0x00000000f0f7f8e0,0x00000000f0f80000)
  to   space 13312K, 0% used [0x00000000f5680000,0x00000000f5680000,0x00000000f6380000)
 ParOldGen       total 39936K, used 21728K [0x00000000c7400000, 0x00000000c9b00000, 0x00000000ed180000)
  object space 39936K, 54% used [0x00000000c7400000,0x00000000c89381e8,0x00000000c9b00000)
 Metaspace       used 3636K, capacity 5144K, committed 5376K, reserved 1056768K
  class space    used 383K, capacity 456K, committed 512K, reserved 1048576K
}
Event: 3,621 GC heap before
{Heap before GC invocations=6 (full 0):
 PSYoungGen      total 63488K, used 63486K [0x00000000ed180000, 0x00000000f6380000, 0x0000000100000000)
  eden space 61440K, 100% used [0x00000000ed180000,0x00000000f0d80000,0x00000000f0d80000)
  from space 2048K, 99% used [0x00000000f0d80000,0x00000000f0f7f8e0,0x00000000f0f80000)
  to   space 13312K, 0% used [0x00000000f5680000,0x00000000f5680000,0x00000000f6380000)
 ParOldGen       total 39936K, used 21728K [0x00000000c7400000, 0x00000000c9b00000, 0x00000000ed180000)
  object space 39936K, 54% used [0x00000000c7400000,0x00000000c89381e8,0x00000000c9b00000)
 Metaspace       used 3637K, capacity 5144K, committed 5376K, reserved 1056768K
  class space    used 384K, capacity 456K, committed 512K, reserved 1048576K
Event: 3,679 GC heap after
Heap after GC invocations=6 (full 0):
 PSYoungGen      total 132608K, used 13287K [0x00000000ed180000, 0x00000000f6a80000, 0x0000000100000000)
  eden space 119296K, 0% used [0x00000000ed180000,0x00000000ed180000,0x00000000f4600000)
  from space 13312K, 99% used [0x00000000f5680000,0x00000000f6379fc8,0x00000000f6380000)
  to   space 16896K, 0% used [0x00000000f4600000,0x00000000f4600000,0x00000000f5680000)
 ParOldGen       total 39936K, used 22876K [0x00000000c7400000, 0x00000000c9b00000, 0x00000000ed180000)
  object space 39936K, 57% used [0x00000000c7400000,0x00000000c8a570c0,0x00000000c9b00000)
 Metaspace       used 3637K, capacity 5144K, committed 5376K, reserved 1056768K
  class space    used 384K, capacity 456K, committed 512K, reserved 1048576K
}
Event: 4,935 GC heap before
{Heap before GC invocations=7 (full 0):
 PSYoungGen      total 132608K, used 132583K [0x00000000ed180000, 0x00000000f6a80000, 0x0000000100000000)
  eden space 119296K, 100% used [0x00000000ed180000,0x00000000f4600000,0x00000000f4600000)
  from space 13312K, 99% used [0x00000000f5680000,0x00000000f6379fc8,0x00000000f6380000)
  to   space 16896K, 0% used [0x00000000f4600000,0x00000000f4600000,0x00000000f5680000)
 ParOldGen       total 39936K, used 22876K [0x00000000c7400000, 0x00000000c9b00000, 0x00000000ed180000)
  object space 39936K, 57% used [0x00000000c7400000,0x00000000c8a570c0,0x00000000c9b00000)
 Metaspace       used 3643K, capacity 5144K, committed 5376K, reserved 1056768K
  class space    used 384K, capacity 456K, committed 512K, reserved 1048576K

