# JRE version: Java(TM) SE Runtime Environment (8.0_101-b13) (build 1.8.0_101-b13)
# Java VM: Java HotSpot(TM) 64-Bit Server VM (25.101-b13 mixed mode linux-amd64 compressed oops)
Heap:
 PSYoungGen      total 465920K, used 0K [0x00000000d5580000, 0x0000000100000000, 0x0000000100000000)
  eden space 232960K, 0% used [0x00000000d5580000,0x00000000d5580000,0x00000000e3900000)
  from space 232960K, 0% used [0x00000000e3900000,0x00000000e3900000,0x00000000f1c80000)
  to   space 232960K, 0% used [0x00000000f1c80000,0x00000000f1c80000,0x0000000100000000)
 ParOldGen       total 955904K, used 830502K [0x0000000080000000, 0x00000000ba580000, 0x00000000d5580000)
  object space 955904K, 86% used [0x0000000080000000,0x00000000b2b09ae0,0x00000000ba580000)
 Metaspace       used 6727K, capacity 7384K, committed 7680K, reserved 1056768K
  class space    used 624K, capacity 656K, committed 768K, reserved 1048576K
GC Heap History (10 events):
Event: 61,205 GC heap after
Heap after GC invocations=32 (full 7):
 PSYoungGen      total 462848K, used 120266K [0x00000000d5580000, 0x00000000ff280000, 0x0000000100000000)
  eden space 246784K, 0% used [0x00000000d5580000,0x00000000d5580000,0x00000000e4680000)
  from space 216064K, 55% used [0x00000000e4680000,0x00000000ebbf28c0,0x00000000f1980000)
  to   space 216064K, 0% used [0x00000000f1f80000,0x00000000f1f80000,0x00000000ff280000)
 ParOldGen       total 955904K, used 701147K [0x0000000080000000, 0x00000000ba580000, 0x00000000d5580000)
  object space 955904K, 73% used [0x0000000080000000,0x00000000aacb6dc8,0x00000000ba580000)
 Metaspace       used 6621K, capacity 7320K, committed 7680K, reserved 1056768K
  class space    used 618K, capacity 656K, committed 768K, reserved 1048576K
}
Event: 62,774 GC heap before
{Heap before GC invocations=33 (full 7):
 PSYoungGen      total 462848K, used 367050K [0x00000000d5580000, 0x00000000ff280000, 0x0000000100000000)
  eden space 246784K, 100% used [0x00000000d5580000,0x00000000e4680000,0x00000000e4680000)
  from space 216064K, 55% used [0x00000000e4680000,0x00000000ebbf28c0,0x00000000f1980000)
  to   space 216064K, 0% used [0x00000000f1f80000,0x00000000f1f80000,0x00000000ff280000)
 ParOldGen       total 955904K, used 701147K [0x0000000080000000, 0x00000000ba580000, 0x00000000d5580000)
  object space 955904K, 73% used [0x0000000080000000,0x00000000aacb6dc8,0x00000000ba580000)
 Metaspace       used 6621K, capacity 7320K, committed 7680K, reserved 1056768K
  class space    used 618K, capacity 656K, committed 768K, reserved 1048576K
Event: 63,063 GC heap after
Heap after GC invocations=33 (full 7):
 PSYoungGen      total 457216K, used 154852K [0x00000000d5580000, 0x0000000100000000, 0x0000000100000000)
  eden space 241152K, 0% used [0x00000000d5580000,0x00000000d5580000,0x00000000e4100000)
  from space 216064K, 71% used [0x00000000f1f80000,0x00000000fb6b92d0,0x00000000ff280000)
  to   space 227840K, 0% used [0x00000000e4100000,0x00000000e4100000,0x00000000f1f80000)
 ParOldGen       total 955904K, used 701147K [0x0000000080000000, 0x00000000ba580000, 0x00000000d5580000)
  object space 955904K, 73% used [0x0000000080000000,0x00000000aacb6dc8,0x00000000ba580000)
 Metaspace       used 6621K, capacity 7320K, committed 7680K, reserved 1056768K
  class space    used 618K, capacity 656K, committed 768K, reserved 1048576K
}
Event: 64,917 GC heap before
{Heap before GC invocations=34 (full 7):
 PSYoungGen      total 457216K, used 396004K [0x00000000d5580000, 0x0000000100000000, 0x0000000100000000)
  eden space 241152K, 100% used [0x00000000d5580000,0x00000000e4100000,0x00000000e4100000)
  from space 216064K, 71% used [0x00000000f1f80000,0x00000000fb6b92d0,0x00000000ff280000)
  to   space 227840K, 0% used [0x00000000e4100000,0x00000000e4100000,0x00000000f1f80000)
 ParOldGen       total 955904K, used 701147K [0x0000000080000000, 0x00000000ba580000, 0x00000000d5580000)
  object space 955904K, 73% used [0x0000000080000000,0x00000000aacb6dc8,0x00000000ba580000)
 Metaspace       used 6621K, capacity 7320K, committed 7680K, reserved 1056768K
  class space    used 618K, capacity 656K, committed 768K, reserved 1048576K
Event: 65,286 GC heap after
Heap after GC invocations=34 (full 7):
 PSYoungGen      total 432128K, used 190505K [0x00000000d5580000, 0x0000000100000000, 0x0000000100000000)
  eden space 241152K, 0% used [0x00000000d5580000,0x00000000d5580000,0x00000000e4100000)
  from space 190976K, 99% used [0x00000000e4100000,0x00000000efb0a5a8,0x00000000efb80000)
  to   space 232960K, 0% used [0x00000000f1c80000,0x00000000f1c80000,0x0000000100000000)
 ParOldGen       total 955904K, used 701147K [0x0000000080000000, 0x00000000ba580000, 0x00000000d5580000)
  object space 955904K, 73% used [0x0000000080000000,0x00000000aacb6dc8,0x00000000ba580000)
 Metaspace       used 6621K, capacity 7320K, committed 7680K, reserved 1056768K
  class space    used 618K, capacity 656K, committed 768K, reserved 1048576K
}
Event: 66,673 GC heap before
{Heap before GC invocations=35 (full 7):
 PSYoungGen      total 432128K, used 431657K [0x00000000d5580000, 0x0000000100000000, 0x0000000100000000)
  eden space 241152K, 100% used [0x00000000d5580000,0x00000000e4100000,0x00000000e4100000)
  from space 190976K, 99% used [0x00000000e4100000,0x00000000efb0a5a8,0x00000000efb80000)
  to   space 232960K, 0% used [0x00000000f1c80000,0x00000000f1c80000,0x0000000100000000)
 ParOldGen       total 955904K, used 701147K [0x0000000080000000, 0x00000000ba580000, 0x00000000d5580000)
  object space 955904K, 73% used [0x0000000080000000,0x00000000aacb6dc8,0x00000000ba580000)
 Metaspace       used 6697K, capacity 7384K, committed 7680K, reserved 1056768K
  class space    used 622K, capacity 656K, committed 768K, reserved 1048576K
Event: 67,188 GC heap after
Heap after GC invocations=35 (full 7):
 PSYoungGen      total 465920K, used 146200K [0x00000000d5580000, 0x0000000100000000, 0x0000000100000000)
  eden space 232960K, 0% used [0x00000000d5580000,0x00000000d5580000,0x00000000e3900000)
  from space 232960K, 62% used [0x00000000f1c80000,0x00000000fab46380,0x0000000100000000)
  to   space 232960K, 0% used [0x00000000e3900000,0x00000000e3900000,0x00000000f1c80000)
 ParOldGen       total 955904K, used 782629K [0x0000000080000000, 0x00000000ba580000, 0x00000000d5580000)
  object space 955904K, 81% used [0x0000000080000000,0x00000000afc495b0,0x00000000ba580000)
 Metaspace       used 6697K, capacity 7384K, committed 7680K, reserved 1056768K
  class space    used 622K, capacity 656K, committed 768K, reserved 1048576K
}
Event: 68,225 GC heap before
{Heap before GC invocations=36 (full 7):
 PSYoungGen      total 465920K, used 379160K [0x00000000d5580000, 0x0000000100000000, 0x0000000100000000)
  eden space 232960K, 100% used [0x00000000d5580000,0x00000000e3900000,0x00000000e3900000)
  from space 232960K, 62% used [0x00000000f1c80000,0x00000000fab46380,0x0000000100000000)
  to   space 232960K, 0% used [0x00000000e3900000,0x00000000e3900000,0x00000000f1c80000)
 ParOldGen       total 955904K, used 782629K [0x0000000080000000, 0x00000000ba580000, 0x00000000d5580000)
  object space 955904K, 81% used [0x0000000080000000,0x00000000afc495b0,0x00000000ba580000)
 Metaspace       used 6727K, capacity 7384K, committed 7680K, reserved 1056768K
  class space    used 624K, capacity 656K, committed 768K, reserved 1048576K
Event: 68,953 GC heap after
Heap after GC invocations=36 (full 7):
 PSYoungGen      total 465920K, used 113828K [0x00000000d5580000, 0x0000000100000000, 0x0000000100000000)
  eden space 232960K, 0% used [0x00000000d5580000,0x00000000d5580000,0x00000000e3900000)
  from space 232960K, 48% used [0x00000000e3900000,0x00000000ea8290d0,0x00000000f1c80000)
  to   space 232960K, 0% used [0x00000000f1c80000,0x00000000f1c80000,0x0000000100000000)
 ParOldGen       total 955904K, used 853300K [0x0000000080000000, 0x00000000ba580000, 0x00000000d5580000)
  object space 955904K, 89% used [0x0000000080000000,0x00000000b414d118,0x00000000ba580000)
 Metaspace       used 6727K, capacity 7384K, committed 7680K, reserved 1056768K
  class space    used 624K, capacity 656K, committed 768K, reserved 1048576K
}
Event: 68,953 GC heap before
{Heap before GC invocations=37 (full 8):
 PSYoungGen      total 465920K, used 113828K [0x00000000d5580000, 0x0000000100000000, 0x0000000100000000)
  eden space 232960K, 0% used [0x00000000d5580000,0x00000000d5580000,0x00000000e3900000)
  from space 232960K, 48% used [0x00000000e3900000,0x00000000ea8290d0,0x00000000f1c80000)
  to   space 232960K, 0% used [0x00000000f1c80000,0x00000000f1c80000,0x0000000100000000)
 ParOldGen       total 955904K, used 853300K [0x0000000080000000, 0x00000000ba580000, 0x00000000d5580000)
  object space 955904K, 89% used [0x0000000080000000,0x00000000b414d118,0x00000000ba580000)
 Metaspace       used 6727K, capacity 7384K, committed 7680K, reserved 1056768K
  class space    used 624K, capacity 656K, committed 768K, reserved 1048576K

