# JRE version: Java(TM) SE Runtime Environment (8.0_101-b13) (build 1.8.0_101-b13)
# Java VM: Java HotSpot(TM) 64-Bit Server VM (25.101-b13 mixed mode linux-amd64 compressed oops)
Heap:
 PSYoungGen      total 465920K, used 0K [0x00000000d5580000, 0x0000000100000000, 0x0000000100000000)
  eden space 232960K, 0% used [0x00000000d5580000,0x00000000d5580000,0x00000000e3900000)
  from space 232960K, 0% used [0x00000000f1c80000,0x00000000f1c80000,0x0000000100000000)
  to   space 232960K, 0% used [0x00000000e3900000,0x00000000e3900000,0x00000000f1c80000)
 ParOldGen       total 902144K, used 821422K [0x0000000080000000, 0x00000000b7100000, 0x00000000d5580000)
  object space 902144K, 91% used [0x0000000080000000,0x00000000b222bb08,0x00000000b7100000)
 Metaspace       used 6731K, capacity 7384K, committed 7680K, reserved 1056768K
  class space    used 624K, capacity 656K, committed 768K, reserved 1048576K
GC Heap History (10 events):
Event: 51,550 GC heap after
Heap after GC invocations=35 (full 7):
 PSYoungGen      total 456192K, used 173719K [0x00000000d5580000, 0x0000000100000000, 0x0000000100000000)
  eden space 255488K, 0% used [0x00000000d5580000,0x00000000d5580000,0x00000000e4f00000)
  from space 200704K, 86% used [0x00000000f3c00000,0x00000000fe5a5cd0,0x0000000100000000)
  to   space 221696K, 0% used [0x00000000e4f00000,0x00000000e4f00000,0x00000000f2780000)
 ParOldGen       total 902144K, used 634691K [0x0000000080000000, 0x00000000b7100000, 0x00000000d5580000)
  object space 902144K, 70% used [0x0000000080000000,0x00000000a6bd0fc0,0x00000000b7100000)
 Metaspace       used 6626K, capacity 7320K, committed 7680K, reserved 1056768K
  class space    used 618K, capacity 656K, committed 768K, reserved 1048576K
}
Event: 52,189 GC heap before
{Heap before GC invocations=36 (full 7):
 PSYoungGen      total 456192K, used 429207K [0x00000000d5580000, 0x0000000100000000, 0x0000000100000000)
  eden space 255488K, 100% used [0x00000000d5580000,0x00000000e4f00000,0x00000000e4f00000)
  from space 200704K, 86% used [0x00000000f3c00000,0x00000000fe5a5cd0,0x0000000100000000)
  to   space 221696K, 0% used [0x00000000e4f00000,0x00000000e4f00000,0x00000000f2780000)
 ParOldGen       total 902144K, used 634691K [0x0000000080000000, 0x00000000b7100000, 0x00000000d5580000)
  object space 902144K, 70% used [0x0000000080000000,0x00000000a6bd0fc0,0x00000000b7100000)
 Metaspace       used 6626K, capacity 7320K, committed 7680K, reserved 1056768K
  class space    used 618K, capacity 656K, committed 768K, reserved 1048576K
Event: 52,423 GC heap after
Heap after GC invocations=36 (full 7):
 PSYoungGen      total 466944K, used 211429K [0x00000000d5580000, 0x0000000100000000, 0x0000000100000000)
  eden space 255488K, 0% used [0x00000000d5580000,0x00000000d5580000,0x00000000e4f00000)
  from space 211456K, 99% used [0x00000000e4f00000,0x00000000f1d79418,0x00000000f1d80000)
  to   space 231936K, 0% used [0x00000000f1d80000,0x00000000f1d80000,0x0000000100000000)
 ParOldGen       total 902144K, used 634691K [0x0000000080000000, 0x00000000b7100000, 0x00000000d5580000)
  object space 902144K, 70% used [0x0000000080000000,0x00000000a6bd0fc0,0x00000000b7100000)
 Metaspace       used 6626K, capacity 7320K, committed 7680K, reserved 1056768K
  class space    used 618K, capacity 656K, committed 768K, reserved 1048576K
}
Event: 53,184 GC heap before
{Heap before GC invocations=37 (full 7):
 PSYoungGen      total 466944K, used 466917K [0x00000000d5580000, 0x0000000100000000, 0x0000000100000000)
  eden space 255488K, 100% used [0x00000000d5580000,0x00000000e4f00000,0x00000000e4f00000)
  from space 211456K, 99% used [0x00000000e4f00000,0x00000000f1d79418,0x00000000f1d80000)
  to   space 231936K, 0% used [0x00000000f1d80000,0x00000000f1d80000,0x0000000100000000)
 ParOldGen       total 902144K, used 634691K [0x0000000080000000, 0x00000000b7100000, 0x00000000d5580000)
  object space 902144K, 70% used [0x0000000080000000,0x00000000a6bd0fc0,0x00000000b7100000)
 Metaspace       used 6626K, capacity 7320K, committed 7680K, reserved 1056768K
  class space    used 618K, capacity 656K, committed 768K, reserved 1048576K
Event: 53,675 GC heap after
Heap after GC invocations=37 (full 7):
 PSYoungGen      total 464896K, used 213111K [0x00000000d5580000, 0x0000000100000000, 0x0000000100000000)
  eden space 232960K, 0% used [0x00000000d5580000,0x00000000d5580000,0x00000000e3900000)
  from space 231936K, 91% used [0x00000000f1d80000,0x00000000fed9de38,0x0000000100000000)
  to   space 232960K, 0% used [0x00000000e3900000,0x00000000e3900000,0x00000000f1c80000)
 ParOldGen       total 902144K, used 668731K [0x0000000080000000, 0x00000000b7100000, 0x00000000d5580000)
  object space 902144K, 74% used [0x0000000080000000,0x00000000a8d0ee40,0x00000000b7100000)
 Metaspace       used 6626K, capacity 7320K, committed 7680K, reserved 1056768K
  class space    used 618K, capacity 656K, committed 768K, reserved 1048576K
}
Event: 55,371 GC heap before
{Heap before GC invocations=38 (full 7):
 PSYoungGen      total 464896K, used 446071K [0x00000000d5580000, 0x0000000100000000, 0x0000000100000000)
  eden space 232960K, 100% used [0x00000000d5580000,0x00000000e3900000,0x00000000e3900000)
  from space 231936K, 91% used [0x00000000f1d80000,0x00000000fed9de38,0x0000000100000000)
  to   space 232960K, 0% used [0x00000000e3900000,0x00000000e3900000,0x00000000f1c80000)
 ParOldGen       total 902144K, used 668731K [0x0000000080000000, 0x00000000b7100000, 0x00000000d5580000)
  object space 902144K, 74% used [0x0000000080000000,0x00000000a8d0ee40,0x00000000b7100000)
 Metaspace       used 6680K, capacity 7384K, committed 7680K, reserved 1056768K
  class space    used 622K, capacity 656K, committed 768K, reserved 1048576K
Event: 55,721 GC heap after
Heap after GC invocations=38 (full 7):
 PSYoungGen      total 465920K, used 197863K [0x00000000d5580000, 0x0000000100000000, 0x0000000100000000)
  eden space 232960K, 0% used [0x00000000d5580000,0x00000000d5580000,0x00000000e3900000)
  from space 232960K, 84% used [0x00000000e3900000,0x00000000efa39e80,0x00000000f1c80000)
  to   space 232960K, 0% used [0x00000000f1c80000,0x00000000f1c80000,0x0000000100000000)
 ParOldGen       total 902144K, used 719923K [0x0000000080000000, 0x00000000b7100000, 0x00000000d5580000)
  object space 902144K, 79% used [0x0000000080000000,0x00000000abf0ce30,0x00000000b7100000)
 Metaspace       used 6680K, capacity 7384K, committed 7680K, reserved 1056768K
  class space    used 622K, capacity 656K, committed 768K, reserved 1048576K
}
Event: 56,648 GC heap before
{Heap before GC invocations=39 (full 7):
 PSYoungGen      total 465920K, used 430823K [0x00000000d5580000, 0x0000000100000000, 0x0000000100000000)
  eden space 232960K, 100% used [0x00000000d5580000,0x00000000e3900000,0x00000000e3900000)
  from space 232960K, 84% used [0x00000000e3900000,0x00000000efa39e80,0x00000000f1c80000)
  to   space 232960K, 0% used [0x00000000f1c80000,0x00000000f1c80000,0x0000000100000000)
 ParOldGen       total 902144K, used 719923K [0x0000000080000000, 0x00000000b7100000, 0x00000000d5580000)
  object space 902144K, 79% used [0x0000000080000000,0x00000000abf0ce30,0x00000000b7100000)
 Metaspace       used 6731K, capacity 7384K, committed 7680K, reserved 1056768K
  class space    used 624K, capacity 656K, committed 768K, reserved 1048576K
Event: 56,984 GC heap after
Heap after GC invocations=39 (full 7):
 PSYoungGen      total 465920K, used 150436K [0x00000000d5580000, 0x0000000100000000, 0x0000000100000000)
  eden space 232960K, 0% used [0x00000000d5580000,0x00000000d5580000,0x00000000e3900000)
  from space 232960K, 64% used [0x00000000f1c80000,0x00000000faf693e0,0x0000000100000000)
  to   space 232960K, 0% used [0x00000000e3900000,0x00000000e3900000,0x00000000f1c80000)
 ParOldGen       total 902144K, used 805904K [0x0000000080000000, 0x00000000b7100000, 0x00000000d5580000)
  object space 902144K, 89% used [0x0000000080000000,0x00000000b13040b0,0x00000000b7100000)
 Metaspace       used 6731K, capacity 7384K, committed 7680K, reserved 1056768K
  class space    used 624K, capacity 656K, committed 768K, reserved 1048576K
}
Event: 56,985 GC heap before
{Heap before GC invocations=40 (full 8):
 PSYoungGen      total 465920K, used 150436K [0x00000000d5580000, 0x0000000100000000, 0x0000000100000000)
  eden space 232960K, 0% used [0x00000000d5580000,0x00000000d5580000,0x00000000e3900000)
  from space 232960K, 64% used [0x00000000f1c80000,0x00000000faf693e0,0x0000000100000000)
  to   space 232960K, 0% used [0x00000000e3900000,0x00000000e3900000,0x00000000f1c80000)
 ParOldGen       total 902144K, used 805904K [0x0000000080000000, 0x00000000b7100000, 0x00000000d5580000)
  object space 902144K, 89% used [0x0000000080000000,0x00000000b13040b0,0x00000000b7100000)
 Metaspace       used 6731K, capacity 7384K, committed 7680K, reserved 1056768K
  class space    used 624K, capacity 656K, committed 768K, reserved 1048576K

